\BOOKMARK [1][-]{section.1}{Introduction}{}% 1
\BOOKMARK [2][-]{subsection.1.1}{Research Questions}{section.1}% 2
\BOOKMARK [1][-]{section.2}{Relationship to Prior Work }{}% 3
\BOOKMARK [2][-]{subsection.2.1}{Prioritizing Reorganization Efforts}{section.2}% 4
\BOOKMARK [2][-]{subsection.2.2}{Preliminary Report on Code Reorganization}{section.2}% 5
\BOOKMARK [2][-]{subsection.2.3}{Why Not Just Ask Developers to Rank Bad Smells?}{section.2}% 6
\BOOKMARK [1][-]{section.3}{Why Use Defect Data?}{}% 7
\BOOKMARK [1][-]{section.4}{Learning Bad Smell Thresholds}{}% 8
\BOOKMARK [2][-]{subsection.4.1}{Outlier Statistics}{section.4}% 9
\BOOKMARK [3][-]{subsubsection.4.1.1}{Enri \046 Lewerentz}{subsection.4.1}% 10
\BOOKMARK [3][-]{subsubsection.4.1.2}{ Shatnawi}{subsection.4.1}% 11
\BOOKMARK [3][-]{subsubsection.4.1.3}{ Alves et al.}{subsection.4.1}% 12
\BOOKMARK [3][-]{subsubsection.4.1.4}{Discussion of Outlier Methods}{subsection.4.1}% 13
\BOOKMARK [2][-]{subsection.4.2}{Cluster Deltas}{section.4}% 14
\BOOKMARK [3][-]{subsubsection.4.2.1}{CD}{subsection.4.2}% 15
\BOOKMARK [3][-]{subsubsection.4.2.2}{XTREE: Mining Project History for Defect-Proneness Attributes}{subsection.4.2}% 16
\BOOKMARK [3][-]{subsubsection.4.2.3}{XTREE: Recommending Code Reorganizations}{subsection.4.2}% 17
\BOOKMARK [1][-]{section.5}{Setup}{}% 18
\BOOKMARK [2][-]{subsection.5.1}{Test Data}{section.5}% 19
\BOOKMARK [2][-]{subsection.5.2}{Building the Secondary Verification Oracle}{section.5}% 20
\BOOKMARK [3][-]{subsubsection.5.2.1}{Impact of Tuning}{subsection.5.2}% 21
\BOOKMARK [2][-]{subsection.5.3}{Statistics}{section.5}% 22
\BOOKMARK [1][-]{section.6}{Results}{}% 23
\BOOKMARK [2][-]{subsection.6.1}{RQ1: Effectiveness}{section.6}% 24
\BOOKMARK [2][-]{subsection.6.2}{RQ2: Verbosity}{section.6}% 25
\BOOKMARK [2][-]{subsection.6.3}{RQ3: Stopping}{section.6}% 26
\BOOKMARK [2][-]{subsection.6.4}{RQ4: Stability}{section.6}% 27
\BOOKMARK [2][-]{subsection.6.5}{RQ5: Conjunctive Fallacy}{section.6}% 28
\BOOKMARK [1][-]{section.7}{Limitations and Future Work}{}% 29
\BOOKMARK [1][-]{section.8}{Reliability and Validity of Conclusions}{}% 30
\BOOKMARK [2][-]{subsection.8.1}{Reliability}{section.8}% 31
\BOOKMARK [2][-]{subsection.8.2}{Validity}{section.8}% 32
\BOOKMARK [1][-]{section.9}{Conclusions}{}% 33
